c:\users\alexd\onedrive\documents\advanced games technology\coursework - submission2\alex\source\template\debug\vc141.pdb
c:\users\alexd\onedrive\documents\advanced games technology\coursework - submission2\alex\source\template\debug\vc141.idb
c:\users\alexd\onedrive\documents\advanced games technology\coursework - submission2\alex\source\template\debug\camera.obj
c:\users\alexd\onedrive\documents\advanced games technology\coursework - submission2\alex\source\template\debug\enemy.obj
c:\users\alexd\onedrive\documents\advanced games technology\coursework - submission2\alex\source\template\debug\game.obj
c:\users\alexd\onedrive\documents\advanced games technology\coursework - submission2\alex\source\template\debug\gamewindow.obj
c:\users\alexd\onedrive\documents\advanced games technology\coursework - submission2\alex\source\template\debug\highresolutiontimer.obj
c:\users\alexd\onedrive\documents\advanced games technology\coursework - submission2\alex\source\template\debug\introscreen.obj
c:\users\alexd\onedrive\documents\advanced games technology\coursework - submission2\alex\source\template\debug\lighting.obj
c:\users\alexd\onedrive\documents\advanced games technology\coursework - submission2\alex\source\template\debug\material.obj
c:\users\alexd\onedrive\documents\advanced games technology\coursework - submission2\alex\source\template\debug\md2animation.obj
c:\users\alexd\onedrive\documents\advanced games technology\coursework - submission2\alex\source\template\debug\openassetimportermesh.obj
c:\users\alexd\onedrive\documents\advanced games technology\coursework - submission2\alex\source\template\debug\pickup.obj
c:\users\alexd\onedrive\documents\advanced games technology\coursework - submission2\alex\source\template\debug\pillar.obj
c:\users\alexd\onedrive\documents\advanced games technology\coursework - submission2\alex\source\template\debug\player.obj
c:\users\alexd\onedrive\documents\advanced games technology\coursework - submission2\alex\source\template\debug\skybox.obj
c:\users\alexd\onedrive\documents\advanced games technology\coursework - submission2\alex\source\template\debug\specialfx.obj
c:\users\alexd\onedrive\documents\advanced games technology\coursework - submission2\alex\source\template\debug\strengthpowerup.obj
c:\users\alexd\onedrive\documents\advanced games technology\coursework - submission2\alex\source\template\debug\terrain.obj
c:\users\alexd\onedrive\documents\advanced games technology\coursework - submission2\alex\source\template\debug\text.obj
c:\users\alexd\onedrive\documents\advanced games technology\coursework - submission2\alex\source\template\debug\texture.obj
c:\users\alexd\onedrive\documents\advanced games technology\coursework - submission2\alex\source\template\debug\vector3f.obj
c:\users\alexd\onedrive\documents\advanced games technology\coursework - submission2\alex\source\template\debug\audio.obj
c:\users\alexd\onedrive\documents\advanced games technology\coursework - submission2\alex\source\template\debug\bullet.obj
c:\users\alexd\onedrive\documents\advanced games technology\coursework - submission2\alex\source\template\debug\coliseum.obj
c:\users\alexd\onedrive\documents\advanced games technology\coursework - submission2\alex\source\template\debug\crossfade.obj
c:\users\alexd\onedrive\documents\advanced games technology\coursework - submission2\alex\source\template\debug\fangrin.obj
c:\users\alexd\onedrive\documents\advanced games technology\coursework - submission2\alex\source\template\debug\boundingbox.obj
c:\users\alexd\onedrive\documents\advanced games technology\coursework - submission2\alex\source\template\debug\fogactivationsphere.obj
c:\users\alexd\onedrive\documents\advanced games technology\coursework - submission2\alex\source\template\debug\alphasphere.obj
c:\users\alexd\onedrive\documents\advanced games technology\coursework - submission2\alex\source\template\debug\fakesphere.obj
c:\users\alexd\onedrive\documents\advanced games technology\coursework - submission2\alex\source\debug\template.exe
c:\users\alexd\onedrive\documents\advanced games technology\coursework - submission2\alex\source\debug\template.ilk
c:\users\alexd\onedrive\documents\advanced games technology\coursework - submission2\alex\source\debug\template.pdb
c:\users\alexd\onedrive\documents\advanced games technology\coursework - submission2\alex\source\template\debug\bouncingball.obj
c:\users\alexd\onedrive\documents\advanced games technology\coursework - submission2\alex\source\template\debug\tetrahedron.obj
c:\users\alexd\onedrive\documents\advanced games technology\coursework - submission2\alex\source\template\debug\fangrin.obj.enc
c:\users\alexd\onedrive\documents\advanced games technology\coursework - submission2\alex\source\template\debug\vc120.idb
c:\users\alexd\onedrive\documents\advanced games technology\coursework - submission2\alex\source\template\debug\vc140.idb
c:\users\alexd\onedrive\documents\advanced games technology\coursework - submission2\alex\source\template\debug\vc120.pdb
c:\users\alexd\onedrive\documents\advanced games technology\coursework - submission2\alex\source\template\debug\vc140.pdb
c:\users\alexd\onedrive\documents\advanced games technology\coursework - submission2\alex\source\template\debug\template.tlog\cl.command.1.tlog
c:\users\alexd\onedrive\documents\advanced games technology\coursework - submission2\alex\source\template\debug\template.tlog\cl.read.1.tlog
c:\users\alexd\onedrive\documents\advanced games technology\coursework - submission2\alex\source\template\debug\template.tlog\cl.write.1.tlog
c:\users\alexd\onedrive\documents\advanced games technology\coursework - submission2\alex\source\template\debug\template.tlog\link.command.1.tlog
c:\users\alexd\onedrive\documents\advanced games technology\coursework - submission2\alex\source\template\debug\template.tlog\link.read.1.tlog
c:\users\alexd\onedrive\documents\advanced games technology\coursework - submission2\alex\source\template\debug\template.tlog\link.write.1.tlog
