c:\users\alexd\onedrive\documents\advanced games technology\coursework\source\template\release\vc141.pdb
c:\users\alexd\onedrive\documents\advanced games technology\coursework\source\template\release\vector3f.obj
c:\users\alexd\onedrive\documents\advanced games technology\coursework\source\template\release\texture.obj
c:\users\alexd\onedrive\documents\advanced games technology\coursework\source\template\release\text.obj
c:\users\alexd\onedrive\documents\advanced games technology\coursework\source\template\release\tetrahedron.obj
c:\users\alexd\onedrive\documents\advanced games technology\coursework\source\template\release\terrain.obj
c:\users\alexd\onedrive\documents\advanced games technology\coursework\source\template\release\specialfx.obj
c:\users\alexd\onedrive\documents\advanced games technology\coursework\source\template\release\skybox.obj
c:\users\alexd\onedrive\documents\advanced games technology\coursework\source\template\release\player.obj
c:\users\alexd\onedrive\documents\advanced games technology\coursework\source\template\release\pickup.obj
c:\users\alexd\onedrive\documents\advanced games technology\coursework\source\template\release\openassetimportermesh.obj
c:\users\alexd\onedrive\documents\advanced games technology\coursework\source\template\release\md2animation.obj
c:\users\alexd\onedrive\documents\advanced games technology\coursework\source\template\release\material.obj
c:\users\alexd\onedrive\documents\advanced games technology\coursework\source\template\release\lighting.obj
c:\users\alexd\onedrive\documents\advanced games technology\coursework\source\template\release\highresolutiontimer.obj
c:\users\alexd\onedrive\documents\advanced games technology\coursework\source\template\release\gamewindow.obj
c:\users\alexd\onedrive\documents\advanced games technology\coursework\source\template\release\game.obj
c:\users\alexd\onedrive\documents\advanced games technology\coursework\source\template\release\camera.obj
c:\users\alexd\onedrive\documents\advanced games technology\coursework\source\template\release\bouncingball.obj
c:\users\alexd\onedrive\documents\advanced games technology\coursework\source\template\release\audio.obj
c:\users\alexd\onedrive\documents\advanced games technology\coursework\source\template\release\enemy.obj
c:\users\alexd\onedrive\documents\advanced games technology\coursework\source\template\release\fangrin.obj
c:\users\alexd\onedrive\documents\advanced games technology\coursework\source\template\release\crossfade.obj
c:\users\alexd\onedrive\documents\advanced games technology\coursework\source\template\release\introscreen.obj
c:\users\alexd\onedrive\documents\advanced games technology\coursework\source\release\template.exe
c:\users\alexd\onedrive\documents\advanced games technology\coursework\source\release\template.pdb
c:\users\alexd\onedrive\documents\advanced games technology\coursework - copy\source\template\release\audio.obj
c:\users\alexd\onedrive\documents\advanced games technology\coursework - copy\source\template\release\bouncingball.obj
c:\users\alexd\onedrive\documents\advanced games technology\coursework - copy\source\template\release\camera.obj
c:\users\alexd\onedrive\documents\advanced games technology\coursework - copy\source\template\release\crossfade.obj
c:\users\alexd\onedrive\documents\advanced games technology\coursework - copy\source\template\release\enemy.obj
c:\users\alexd\onedrive\documents\advanced games technology\coursework - copy\source\template\release\fangrin.obj
c:\users\alexd\onedrive\documents\advanced games technology\coursework - copy\source\template\release\game.obj
c:\users\alexd\onedrive\documents\advanced games technology\coursework - copy\source\template\release\gamewindow.obj
c:\users\alexd\onedrive\documents\advanced games technology\coursework - copy\source\template\release\highresolutiontimer.obj
c:\users\alexd\onedrive\documents\advanced games technology\coursework - copy\source\template\release\introscreen.obj
c:\users\alexd\onedrive\documents\advanced games technology\coursework - copy\source\template\release\lighting.obj
c:\users\alexd\onedrive\documents\advanced games technology\coursework - copy\source\template\release\material.obj
c:\users\alexd\onedrive\documents\advanced games technology\coursework - copy\source\template\release\md2animation.obj
c:\users\alexd\onedrive\documents\advanced games technology\coursework - copy\source\template\release\openassetimportermesh.obj
c:\users\alexd\onedrive\documents\advanced games technology\coursework - copy\source\template\release\pickup.obj
c:\users\alexd\onedrive\documents\advanced games technology\coursework - copy\source\template\release\player.obj
c:\users\alexd\onedrive\documents\advanced games technology\coursework - copy\source\template\release\skybox.obj
c:\users\alexd\onedrive\documents\advanced games technology\coursework - copy\source\template\release\specialfx.obj
c:\users\alexd\onedrive\documents\advanced games technology\coursework - copy\source\template\release\terrain.obj
c:\users\alexd\onedrive\documents\advanced games technology\coursework - copy\source\template\release\tetrahedron.obj
c:\users\alexd\onedrive\documents\advanced games technology\coursework - copy\source\template\release\text.obj
c:\users\alexd\onedrive\documents\advanced games technology\coursework - copy\source\template\release\texture.obj
c:\users\alexd\onedrive\documents\advanced games technology\coursework - copy\source\template\release\vector3f.obj
c:\users\alexd\onedrive\documents\advanced games technology\coursework - copy\source\template\release\vc120.pdb
c:\users\alexd\onedrive\documents\advanced games technology\coursework - copy\source\template\release\vc140.pdb
c:\users\alexd\onedrive\documents\advanced games technology\coursework - copy\source\template\release\vc141.pdb
c:\users\alexd\onedrive\documents\advanced games technology\coursework - copy\source\release\template.pdb
c:\users\alexd\onedrive\documents\advanced games technology\coursework - copy\source\release\template.exe
c:\users\alexd\onedrive\documents\advanced games technology\coursework - copy\source\template\release\template.tlog\cl.command.1.tlog
c:\users\alexd\onedrive\documents\advanced games technology\coursework - copy\source\template\release\template.tlog\cl.read.1.tlog
c:\users\alexd\onedrive\documents\advanced games technology\coursework - copy\source\template\release\template.tlog\cl.write.1.tlog
c:\users\alexd\onedrive\documents\advanced games technology\coursework - copy\source\template\release\template.tlog\link.command.1.tlog
c:\users\alexd\onedrive\documents\advanced games technology\coursework - copy\source\template\release\template.tlog\link.read.1.tlog
c:\users\alexd\onedrive\documents\advanced games technology\coursework - copy\source\template\release\template.tlog\link.write.1.tlog
